[2018-10-28 02:08:03,027][ceph_deploy.conf][DEBUG ] found configuration file at: /home/cephor/.cephdeploy.conf
[2018-10-28 02:08:03,028][ceph_deploy.cli][INFO  ] Invoked (1.5.39): /usr/bin/ceph-deploy osd list node1:sdb1
[2018-10-28 02:08:03,028][ceph_deploy.cli][INFO  ] ceph-deploy options:
[2018-10-28 02:08:03,028][ceph_deploy.cli][INFO  ]  username                      : None
[2018-10-28 02:08:03,029][ceph_deploy.cli][INFO  ]  verbose                       : False
[2018-10-28 02:08:03,029][ceph_deploy.cli][INFO  ]  overwrite_conf                : False
[2018-10-28 02:08:03,029][ceph_deploy.cli][INFO  ]  subcommand                    : list
[2018-10-28 02:08:03,029][ceph_deploy.cli][INFO  ]  quiet                         : False
[2018-10-28 02:08:03,029][ceph_deploy.cli][INFO  ]  cd_conf                       : <ceph_deploy.conf.cephdeploy.Conf instance at 0x7f2a3a1a5758>
[2018-10-28 02:08:03,030][ceph_deploy.cli][INFO  ]  cluster                       : ceph
[2018-10-28 02:08:03,030][ceph_deploy.cli][INFO  ]  func                          : <function osd at 0x7f2a3a607488>
[2018-10-28 02:08:03,030][ceph_deploy.cli][INFO  ]  ceph_conf                     : None
[2018-10-28 02:08:03,030][ceph_deploy.cli][INFO  ]  default_release               : False
[2018-10-28 02:08:03,030][ceph_deploy.cli][INFO  ]  disk                          : [('node1', '/dev/sdb1', None)]
[2018-10-28 02:08:03,031][ceph_deploy][ERROR ] ConfigError: Cannot load config: [Errno 2] No such file or directory: 'ceph.conf'; has `ceph-deploy new` been run in this directory?

[2018-10-28 02:08:08,223][ceph_deploy.conf][DEBUG ] found configuration file at: /home/cephor/.cephdeploy.conf
[2018-10-28 02:08:08,225][ceph_deploy.cli][INFO  ] Invoked (1.5.39): /usr/bin/ceph-deploy osd list node1:sdb
[2018-10-28 02:08:08,226][ceph_deploy.cli][INFO  ] ceph-deploy options:
[2018-10-28 02:08:08,226][ceph_deploy.cli][INFO  ]  username                      : None
[2018-10-28 02:08:08,226][ceph_deploy.cli][INFO  ]  verbose                       : False
[2018-10-28 02:08:08,226][ceph_deploy.cli][INFO  ]  overwrite_conf                : False
[2018-10-28 02:08:08,227][ceph_deploy.cli][INFO  ]  subcommand                    : list
[2018-10-28 02:08:08,227][ceph_deploy.cli][INFO  ]  quiet                         : False
[2018-10-28 02:08:08,227][ceph_deploy.cli][INFO  ]  cd_conf                       : <ceph_deploy.conf.cephdeploy.Conf instance at 0x7f697f5cd758>
[2018-10-28 02:08:08,227][ceph_deploy.cli][INFO  ]  cluster                       : ceph
[2018-10-28 02:08:08,227][ceph_deploy.cli][INFO  ]  func                          : <function osd at 0x7f697fa2f488>
[2018-10-28 02:08:08,228][ceph_deploy.cli][INFO  ]  ceph_conf                     : None
[2018-10-28 02:08:08,228][ceph_deploy.cli][INFO  ]  default_release               : False
[2018-10-28 02:08:08,228][ceph_deploy.cli][INFO  ]  disk                          : [('node1', '/dev/sdb', None)]
[2018-10-28 02:08:08,228][ceph_deploy][ERROR ] ConfigError: Cannot load config: [Errno 2] No such file or directory: 'ceph.conf'; has `ceph-deploy new` been run in this directory?

